2024-07-17 15:42:21: {"password":"1234","type":"login","username":"Nada"}
{"password":"1234","type":"login","username":"Nada"}
{"type":"GetAccountNumber","username":"Nada"}
2024-07-18 02:46:47
original message=>{"password":"1234","type":"login","username":"Nada"}
2024-07-18 02:46:47
receivedHashSignature message=>30d62b31f4b4764ee1cf76feaebdfae32c1b4e721555e98997dad19e998e9514
2024-07-18 02:48:17
original message=>{"type":"GetAccountNumber","username":"Nada"}
2024-07-18 02:48:17
receivedHashSignature message=>f29caa491ded2d58fdccffebc72d081f50effdcd91d2f7da9ce24a1756c21417
2024-07-18 13:53:51
original message=>{"password":"1234","type":"login","username":"Nada"}
2024-07-18 13:53:51
receivedHashSignature message=>30d62b31f4b4764ee1cf76feaebdfae32c1b4e721555e98997dad19e998e9514
2024-07-18 13:55:33
original message=>{"password":"1234","type":"login","username":"Nada"}
2024-07-18 13:55:33
receivedHashSignature message=>30d62b31f4b4764ee1cf76feaebdfae32c1b4e721555e98997dad19e998e9514
2024-07-18 21:37:35
original message=>{"password":"1234","type":"login","username":"Nada"}
2024-07-18 21:37:35
receivedHashSignature message=>30d62b31f4b4764ee1cf76feaebdfae32c1b4e721555e98997dad19e998e9514
2024-07-18 21:38:08
original message=>{"password":"5012","type":"login","username":"rana"}
2024-07-18 21:38:08
receivedHashSignature message=>3fec704769654be0cdfcea97fbce71fc59568c2a9fe03c9d9d9444c33c5dad46
2024-07-18 21:41:03
original message=>{"password":"5012","type":"login","username":"rana"}
2024-07-18 21:41:03
receivedHashSignature message=>3fec704769654be0cdfcea97fbce71fc59568c2a9fe03c9d9d9444c33c5dad46
2024-07-18 23:12:52
original message=>{"password":"1234","type":"login","username":"Nada"}
2024-07-18 23:12:52
receivedHashSignature message=>30d62b31f4b4764ee1cf76feaebdfae32c1b4e721555e98997dad19e998e9514
2024-07-18 23:13:04
original message=>{"password":"1234","type":"login","username":"Nada"}
2024-07-18 23:13:04
receivedHashSignature message=>30d62b31f4b4764ee1cf76feaebdfae32c1b4e721555e98997dad19e998e9514
2024-07-18 23:13:13
original message=>{"password":"1234","type":"login","username":"Nada"}
2024-07-18 23:13:13
receivedHashSignature message=>30d62b31f4b4764ee1cf76feaebdfae32c1b4e721555e98997dad19e998e9514
2024-07-18 23:17:17
original message=>{"password":"1234","type":"login","username":"Nada"}
2024-07-18 23:17:17
receivedHashSignature message=>30d62b31f4b4764ee1cf76feaebdfae32c1b4e721555e98997dad19e998e9514
2024-07-18 23:21:03
original message=>{"password":"1234","type":"login","username":"Nada"}
2024-07-18 23:21:03
receivedHashSignature message=>30d62b31f4b4764ee1cf76feaebdfae32c1b4e721555e98997dad19e998e9514
2024-07-18 23:31:42
original message=>{"password":"1234","type":"login","username":"Nada"}
2024-07-18 23:31:42
receivedHashSignature message=>30d62b31f4b4764ee1cf76feaebdfae32c1b4e721555e98997dad19e998e9514
2024-07-18 23:48:00
original message=>{"password":"1234","type":"login","username":"Nada"}
2024-07-18 23:48:00
receivedHashSignature message=>30d62b31f4b4764ee1cf76feaebdfae32c1b4e721555e98997dad19e998e9514
2024-07-18 23:48:23
original message=>{"password":"1234","type":"login","username":"Nada"}
2024-07-18 23:48:23
receivedHashSignature message=>30d62b31f4b4764ee1cf76feaebdfae32c1b4e721555e98997dad19e998e9514
2024-07-19 02:36:53
original message=>{"password":"1234","type":"login","username":"Nada"}
2024-07-19 02:36:53
receivedHashSignature message=>30d62b31f4b4764ee1cf76feaebdfae32c1b4e721555e98997dad19e998e9514
2024-07-19 02:36:58
original message=>{"type":"GetAccountNumber","username":"Nada"}
2024-07-19 02:36:58
receivedHashSignature message=>f29caa491ded2d58fdccffebc72d081f50effdcd91d2f7da9ce24a1756c21417
2024-07-19 02:38:30
original message=>{"account_number":"902668452","type":"ViewAccountBalance"}
2024-07-19 02:38:30
receivedHashSignature message=>16009a3de560d5886ceb505f2da6e29d07a407197bb30a868a5bdf316833e1c5
2024-07-19 02:38:47
original message=>{"account_number":"902668452","count":6,"type":"ViewTransactionHistory"}
2024-07-19 02:38:47
receivedHashSignature message=>22f66a538ad61158ffc2d659bd24281c32c97adf7b6a3b242fb2404cdc67f32f
2024-07-19 02:39:32
original message=>{"account_number":"902668452","transaction_Amount":100,"transaction_Type":"Deposit","type":"MakeTransaction"}
2024-07-19 02:39:32
receivedHashSignature message=>71d10f2e26fcbd428700380c185364451fc1de02c2f8c125bfdcad4922d3c11a
2024-07-19 02:45:00
original message=>{"fromAccountNumber":"902668452","toAccountNumber":"401202154","transferAmount":500,"type":"TransferAmount"}
2024-07-19 02:45:00
receivedHashSignature message=>e9886be59ca37274e920873e66e8ab9aa04010bf9a7f82100d81cfa6e981da16
2024-07-19 02:45:29
original message=>{"password":"5012","type":"login","username":"rana"}
2024-07-19 02:45:29
receivedHashSignature message=>3fec704769654be0cdfcea97fbce71fc59568c2a9fe03c9d9d9444c33c5dad46
2024-07-19 02:46:33
original message=>{"type":"Admin_GetAccountNumber","username":"Nada"}
2024-07-19 02:46:33
receivedHashSignature message=>12a7bf9f0438a778465b10a8b1dced6af25dc2766a03c070d1888cc2f69600e1
2024-07-19 02:46:49
original message=>{"account_number":"40120215","type":"Admin_ViewAccountBalance"}
2024-07-19 02:46:49
receivedHashSignature message=>2f55162ee5c8fae789e6b46976237a4aac47e33b645953396b79205216fbb615
2024-07-19 02:47:15
original message=>{"account_number":"401202154","type":"Admin_ViewAccountBalance"}
2024-07-19 02:47:15
receivedHashSignature message=>04c2e839cfa09f03c1b52651280b4ab3b577bd8dd697dc5592730aa38d68434b
2024-07-19 02:49:43
original message=>{"account_number":"154758","type":"Admin_ViewAccountBalance"}
2024-07-19 02:49:43
receivedHashSignature message=>163896e46d29dadaa0174eb506d1fb06bf2eca2b2cc2e11ec0c024e6d75660f2
2024-07-19 02:51:41
original message=>{"password":"5012","type":"login","username":"rana"}
2024-07-19 02:51:41
receivedHashSignature message=>3fec704769654be0cdfcea97fbce71fc59568c2a9fe03c9d9d9444c33c5dad46
2024-07-19 02:51:45
original message=>{"account_number":"5468","type":"Admin_ViewAccountBalance"}
2024-07-19 02:51:45
receivedHashSignature message=>d26d358d5d862392145e0c7baa470033f7a04a7ccd755d5ee7c5d1c60d30c469
2024-07-19 02:52:04
original message=>{"account_number":"902668452","type":"Admin_ViewAccountBalance"}
2024-07-19 02:52:04
receivedHashSignature message=>ffc7b8a1e5b24cf9ceb4ac76a78ff0e6c825ab4fa4c6530090f7c05fa217617c
2024-07-19 02:52:11
original message=>{"account_number":"5458","count":0,"type":"Admin_ViewTransactionHistory"}
2024-07-19 02:52:11
receivedHashSignature message=>4621643cc0c7d7c359545b6ccbb6cd3e1773c67815bebe0b9b4f8cd6ed843b76
2024-07-19 03:01:53
original message=>{"type":"Admin_ViewBankDatabase"}
2024-07-19 03:01:53
receivedHashSignature message=>fb6bc06bf0055f12b44986959123709f323e266e5cb7675b7006663c699eb63c
2024-07-19 03:02:18
original message=>{"password":"5012","type":"login","username":"rana"}
2024-07-19 03:02:18
receivedHashSignature message=>3fec704769654be0cdfcea97fbce71fc59568c2a9fe03c9d9d9444c33c5dad46
2024-07-19 03:02:27
original message=>{"password":"1234","type":"login","username":"Nada"}
2024-07-19 03:02:27
receivedHashSignature message=>30d62b31f4b4764ee1cf76feaebdfae32c1b4e721555e98997dad19e998e9514
